::1 - - [12/Nov/2020:10:04:25 +0000] "POST /api/users HTTP/1.1" 404 149
::1 - - [12/Nov/2020:10:04:44 +0000] "POST /api/users/signup HTTP/1.1" 201 12
::1 - - [12/Nov/2020:10:05:08 +0000] "DELETE /api/users/1 HTTP/1.1" 500 12
::1 - - [12/Nov/2020:10:05:14 +0000] "DELETE /api/users/2 HTTP/1.1" 500 12
::1 - - [12/Nov/2020:10:05:24 +0000] "DELETE /api/users/2 HTTP/1.1" 500 12
::1 - - [12/Nov/2020:10:06:37 +0000] "DELETE /api/users/2 HTTP/1.1" 200 12
::1 - - [12/Nov/2020:10:06:41 +0000] "DELETE /api/users/1 HTTP/1.1" 500 831
::1 - - [12/Nov/2020:10:06:50 +0000] "POST /api/users/signup HTTP/1.1" 201 12
::1 - - [12/Nov/2020:10:07:09 +0000] "DELETE /api/users/2 HTTP/1.1" 404 14
::1 - - [12/Nov/2020:10:07:23 +0000] "DELETE /api/users/3 HTTP/1.1" 200 12
::1 - - [12/Nov/2020:10:07:26 +0000] "DELETE /api/users/1 HTTP/1.1" 500 831
::1 - - [12/Nov/2020:10:07:32 +0000] "DELETE /api/users/1 HTTP/1.1" 500 831
::1 - - [12/Nov/2020:10:20:27 +0000] "POST /api/users HTTP/1.1" 404 149
::1 - - [12/Nov/2020:10:20:32 +0000] "POST /api/users/signup HTTP/1.1" 201 12
::1 - - [12/Nov/2020:10:22:35 +0000] "POST /api/users/signup HTTP/1.1" 201 12
::1 - - [12/Nov/2020:10:22:47 +0000] "POST /api/subjects HTTP/1.1" 201 15
::1 - - [12/Nov/2020:10:22:52 +0000] "POST /api/posts HTTP/1.1" 201 12
::1 - - [12/Nov/2020:10:23:22 +0000] "DELETE /api/users/2 HTTP/1.1" 500 12
::1 - - [12/Nov/2020:10:24:15 +0000] "DELETE /api/users/2 HTTP/1.1" 500 12
::1 - - [12/Nov/2020:10:25:32 +0000] "DELETE /api/users/2 HTTP/1.1" 500 12
::1 - - [12/Nov/2020:10:25:42 +0000] "DELETE /api/users/2 HTTP/1.1" 500 12
::1 - - [12/Nov/2020:10:27:57 +0000] "POST /api/posts HTTP/1.1" 201 12
::1 - - [12/Nov/2020:10:28:11 +0000] "POST /api/comments HTTP/1.1" 201 15
::1 - - [12/Nov/2020:10:28:12 +0000] "POST /api/comments HTTP/1.1" 201 15
::1 - - [12/Nov/2020:10:28:12 +0000] "POST /api/comments HTTP/1.1" 201 15
::1 - - [12/Nov/2020:10:28:39 +0000] "DELETE /api/users/2 HTTP/1.1" 200 12
