::1 - - [12/Nov/2020:10:04:25 +0000] "POST /api/users HTTP/1.1" 404 149
::1 - - [12/Nov/2020:10:05:08 +0000] "DELETE /api/users/1 HTTP/1.1" 500 12
::1 - - [12/Nov/2020:10:05:14 +0000] "DELETE /api/users/2 HTTP/1.1" 500 12
::1 - - [12/Nov/2020:10:05:24 +0000] "DELETE /api/users/2 HTTP/1.1" 500 12
::1 - - [12/Nov/2020:10:06:41 +0000] "DELETE /api/users/1 HTTP/1.1" 500 831
::1 - - [12/Nov/2020:10:07:09 +0000] "DELETE /api/users/2 HTTP/1.1" 404 14
::1 - - [12/Nov/2020:10:07:26 +0000] "DELETE /api/users/1 HTTP/1.1" 500 831
::1 - - [12/Nov/2020:10:07:32 +0000] "DELETE /api/users/1 HTTP/1.1" 500 831
::1 - - [12/Nov/2020:10:20:27 +0000] "POST /api/users HTTP/1.1" 404 149
::1 - - [12/Nov/2020:10:23:22 +0000] "DELETE /api/users/2 HTTP/1.1" 500 12
::1 - - [12/Nov/2020:10:24:15 +0000] "DELETE /api/users/2 HTTP/1.1" 500 12
::1 - - [12/Nov/2020:10:25:32 +0000] "DELETE /api/users/2 HTTP/1.1" 500 12
::1 - - [12/Nov/2020:10:25:42 +0000] "DELETE /api/users/2 HTTP/1.1" 500 12
::1 - - [12/Nov/2020:11:00:34 +0000] "POST /api/users/report HTTP/1.1" 500 2234
::1 - - [12/Nov/2020:12:22:18 +0000] "POST /api/posts HTTP/1.1" 500 1351
::1 - - [12/Nov/2020:12:22:27 +0000] "POST /api/posts HTTP/1.1" 500 1351
::1 - - [12/Nov/2020:12:22:49 +0000] "POST /api/comments HTTP/1.1" 500 1354
::1 - - [12/Nov/2020:12:22:49 +0000] "POST /api/comments HTTP/1.1" 500 1354
::1 - - [12/Nov/2020:12:23:33 +0000] "POST /api/users/report HTTP/1.1" 500 2234
::1 - - [12/Nov/2020:12:25:17 +0000] "POST /api/users/report HTTP/1.1" 500 12
::1 - - [12/Nov/2020:12:25:35 +0000] "POST /api/users/report HTTP/1.1" 500 12
::1 - - [12/Nov/2020:12:26:39 +0000] "POST /api/users/report HTTP/1.1" 500 12
::1 - - [12/Nov/2020:12:27:02 +0000] "POST /api/users/report HTTP/1.1" 500 2
::1 - - [12/Nov/2020:12:27:07 +0000] "POST /api/users/report HTTP/1.1" 500 12
::1 - - [12/Nov/2020:12:27:43 +0000] "POST /api/users/report HTTP/1.1" 500 12
::1 - - [12/Nov/2020:12:27:55 +0000] "POST /api/users/report HTTP/1.1" 500 12
::1 - - [12/Nov/2020:12:32:52 +0000] "POST /api/users/report HTTP/1.1" 500 12
::1 - - [12/Nov/2020:12:33:26 +0000] "POST /api/users/report HTTP/1.1" 500 2234
::1 - - [12/Nov/2020:12:36:02 +0000] "POST /api/users/report HTTP/1.1" 500 12
::1 - - [12/Nov/2020:12:45:52 +0000] "POST /api/users/report HTTP/1.1" 500 12
::1 - - [12/Nov/2020:12:46:06 +0000] "POST /api/users/report HTTP/1.1" 500 12
::1 - - [12/Nov/2020:12:48:37 +0000] "POST /api/users/report HTTP/1.1" 500 12
::1 - - [12/Nov/2020:12:59:52 +0000] "POST /api/users/report HTTP/1.1" 500 2242
::1 - - [12/Nov/2020:13:01:42 +0000] "POST /api/users/report HTTP/1.1" 500 2245
::1 - - [12/Nov/2020:13:02:55 +0000] "POST /api/users/report HTTP/1.1" 500 503
::1 - - [12/Nov/2020:13:03:07 +0000] "POST /api/users/report HTTP/1.1" 500 502
::1 - - [12/Nov/2020:13:03:26 +0000] "POST /api/users/report HTTP/1.1" 500 502
::1 - - [12/Nov/2020:13:04:05 +0000] "POST /api/users/report HTTP/1.1" 500 499
::1 - - [12/Nov/2020:13:10:27 +0000] "POST /api/users/report HTTP/1.1" 500 12
::1 - - [12/Nov/2020:13:16:09 +0000] "POST /api/users/report HTTP/1.1" 500 12
::1 - - [12/Nov/2020:13:16:18 +0000] "POST /api/users/report HTTP/1.1" 500 12
::1 - - [12/Nov/2020:13:20:30 +0000] "POST /api/users/report HTTP/1.1" 500 890
::1 - - [12/Nov/2020:13:22:08 +0000] "POST /api/users/report HTTP/1.1" 500 474
::1 - - [12/Nov/2020:13:22:21 +0000] "POST /api/users/report HTTP/1.1" 500 474
::1 - - [12/Nov/2020:13:25:10 +0000] "POST /api/users/report HTTP/1.1" 500 2263
::1 - - [12/Nov/2020:13:25:22 +0000] "POST /api/users/report HTTP/1.1" 500 2263
::1 - - [12/Nov/2020:13:27:09 +0000] "POST /api/users/report HTTP/1.1" 500 869
::1 - - [12/Nov/2020:13:27:19 +0000] "POST /api/users/report HTTP/1.1" 500 865
::1 - - [12/Nov/2020:13:27:53 +0000] "POST /api/users/report HTTP/1.1" 500 526
